2023-09-03T13:52:44.470Z [Modules] Modules initializing
2023-09-03T13:52:44.472Z [Modules] Distribution: remote
2023-09-03T13:52:44.472Z [Modules] Host updates: enabled
2023-09-03T13:52:44.472Z [Modules] Module updates: enabled
2023-09-03T13:52:44.472Z [Modules] Module install path: /home/notsoweird/.config/discord/0.0.29/modules
2023-09-03T13:52:44.472Z [Modules] Module installed file path: /home/notsoweird/.config/discord/0.0.29/modules/installed.json
2023-09-03T13:52:44.472Z [Modules] Module download path: /home/notsoweird/.config/discord/0.0.29/modules/pending
2023-09-03T13:52:44.643Z [Modules] Bootstrapping...
2023-09-03T13:52:44.644Z [Modules] Installing discord_desktop_core@0 from /usr/lib/discord/bootstrap/discord_desktop_core.zip
2023-09-03T13:52:44.646Z [Modules] Failed installing discord_desktop_core@0: Error: ENOENT: no such file or directory, open '/usr/lib/discord/bootstrap/discord_desktop_core.zip'
2023-09-03T13:52:44.647Z [Modules] Installing discord_erlpack@0 from /usr/lib/discord/bootstrap/discord_erlpack.zip
2023-09-03T13:52:44.648Z [Modules] Failed installing discord_erlpack@0: Error: ENOENT: no such file or directory, open '/usr/lib/discord/bootstrap/discord_erlpack.zip'
2023-09-03T13:52:44.649Z [Modules] Installing discord_spellcheck@0 from /usr/lib/discord/bootstrap/discord_spellcheck.zip
2023-09-03T13:52:44.650Z [Modules] Failed installing discord_spellcheck@0: Error: ENOENT: no such file or directory, open '/usr/lib/discord/bootstrap/discord_spellcheck.zip'
2023-09-03T13:52:44.650Z [Modules] Installing discord_utils@0 from /usr/lib/discord/bootstrap/discord_utils.zip
2023-09-03T13:52:44.651Z [Modules] Failed installing discord_utils@0: Error: ENOENT: no such file or directory, open '/usr/lib/discord/bootstrap/discord_utils.zip'
2023-09-03T13:52:44.652Z [Modules] Installing discord_voice@0 from /usr/lib/discord/bootstrap/discord_voice.zip
2023-09-03T13:52:44.653Z [Modules] Failed installing discord_voice@0: Error: ENOENT: no such file or directory, open '/usr/lib/discord/bootstrap/discord_voice.zip'
2023-09-03T13:52:44.653Z [Modules] Finished module installations. [success: 0] [failure: 5]
2023-09-03T13:52:44.654Z [Modules] Checking for host updates.
2023-09-03T13:52:44.907Z [Modules] Host is up to date.
2023-09-03T13:52:44.907Z [Modules] Checking for module updates at https://discord.com/api/modules/stable/versions.json
2023-09-03T13:52:44.932Z [Modules] Module update available: discord_desktop_core@1 [installed: 0]
2023-09-03T13:52:44.932Z [Modules] Module update available: discord_erlpack@1 [installed: 0]
2023-09-03T13:52:44.932Z [Modules] Module update available: discord_spellcheck@1 [installed: 0]
2023-09-03T13:52:44.933Z [Modules] Module update available: discord_utils@1 [installed: 0]
2023-09-03T13:52:44.933Z [Modules] Module update available: discord_voice@1 [installed: 0]
2023-09-03T13:52:44.935Z [Modules] Fetching discord_desktop_core@1 from https://discord.com/api/modules/stable/discord_desktop_core/1
2023-09-03T13:52:44.935Z [Modules] Streaming discord_desktop_core@1 to /home/notsoweird/.config/discord/0.0.29/modules/pending/discord_desktop_core-1.zip
2023-09-03T13:52:45.157Z [Modules] Streaming discord_desktop_core@1 to /home/notsoweird/.config/discord/0.0.29/modules/pending/discord_desktop_core-1.zip: 2%
2023-09-03T13:52:45.164Z [Modules] Streaming discord_desktop_core@1 to /home/notsoweird/.config/discord/0.0.29/modules/pending/discord_desktop_core-1.zip: 4%
2023-09-03T13:52:45.169Z [Modules] Streaming discord_desktop_core@1 to /home/notsoweird/.config/discord/0.0.29/modules/pending/discord_desktop_core-1.zip: 7%
2023-09-03T13:52:45.171Z [Modules] Streaming discord_desktop_core@1 to /home/notsoweird/.config/discord/0.0.29/modules/pending/discord_desktop_core-1.zip: 9%
2023-09-03T13:52:45.174Z [Modules] Streaming discord_desktop_core@1 to /home/notsoweird/.config/discord/0.0.29/modules/pending/discord_desktop_core-1.zip: 12%
2023-09-03T13:52:45.177Z [Modules] Streaming discord_desktop_core@1 to /home/notsoweird/.config/discord/0.0.29/modules/pending/discord_desktop_core-1.zip: 17%
2023-09-03T13:52:45.179Z [Modules] Streaming discord_desktop_core@1 to /home/notsoweird/.config/discord/0.0.29/modules/pending/discord_desktop_core-1.zip: 18%
2023-09-03T13:52:45.182Z [Modules] Streaming discord_desktop_core@1 to /home/notsoweird/.config/discord/0.0.29/modules/pending/discord_desktop_core-1.zip: 24%
2023-09-03T13:52:45.184Z [Modules] Streaming discord_desktop_core@1 to /home/notsoweird/.config/discord/0.0.29/modules/pending/discord_desktop_core-1.zip: 27%
2023-09-03T13:52:45.186Z [Modules] Streaming discord_desktop_core@1 to /home/notsoweird/.config/discord/0.0.29/modules/pending/discord_desktop_core-1.zip: 30%
2023-09-03T13:52:45.188Z [Modules] Streaming discord_desktop_core@1 to /home/notsoweird/.config/discord/0.0.29/modules/pending/discord_desktop_core-1.zip: 36%
2023-09-03T13:52:45.190Z [Modules] Streaming discord_desktop_core@1 to /home/notsoweird/.config/discord/0.0.29/modules/pending/discord_desktop_core-1.zip: 41%
2023-09-03T13:52:45.192Z [Modules] Streaming discord_desktop_core@1 to /home/notsoweird/.config/discord/0.0.29/modules/pending/discord_desktop_core-1.zip: 45%
2023-09-03T13:52:45.195Z [Modules] Streaming discord_desktop_core@1 to /home/notsoweird/.config/discord/0.0.29/modules/pending/discord_desktop_core-1.zip: 48%
2023-09-03T13:52:45.195Z [Modules] Streaming discord_desktop_core@1 to /home/notsoweird/.config/discord/0.0.29/modules/pending/discord_desktop_core-1.zip: 52%
2023-09-03T13:52:45.196Z [Modules] Streaming discord_desktop_core@1 to /home/notsoweird/.config/discord/0.0.29/modules/pending/discord_desktop_core-1.zip: 55%
2023-09-03T13:52:45.198Z [Modules] Streaming discord_desktop_core@1 to /home/notsoweird/.config/discord/0.0.29/modules/pending/discord_desktop_core-1.zip: 59%
2023-09-03T13:52:45.198Z [Modules] Streaming discord_desktop_core@1 to /home/notsoweird/.config/discord/0.0.29/modules/pending/discord_desktop_core-1.zip: 62%
2023-09-03T13:52:45.199Z [Modules] Streaming discord_desktop_core@1 to /home/notsoweird/.config/discord/0.0.29/modules/pending/discord_desktop_core-1.zip: 64%
2023-09-03T13:52:45.201Z [Modules] Streaming discord_desktop_core@1 to /home/notsoweird/.config/discord/0.0.29/modules/pending/discord_desktop_core-1.zip: 67%
2023-09-03T13:52:45.201Z [Modules] Streaming discord_desktop_core@1 to /home/notsoweird/.config/discord/0.0.29/modules/pending/discord_desktop_core-1.zip: 71%
2023-09-03T13:52:45.204Z [Modules] Streaming discord_desktop_core@1 to /home/notsoweird/.config/discord/0.0.29/modules/pending/discord_desktop_core-1.zip: 74%
2023-09-03T13:52:45.204Z [Modules] Streaming discord_desktop_core@1 to /home/notsoweird/.config/discord/0.0.29/modules/pending/discord_desktop_core-1.zip: 80%
2023-09-03T13:52:45.205Z [Modules] Streaming discord_desktop_core@1 to /home/notsoweird/.config/discord/0.0.29/modules/pending/discord_desktop_core-1.zip: 83%
2023-09-03T13:52:45.209Z [Modules] Streaming discord_desktop_core@1 to /home/notsoweird/.config/discord/0.0.29/modules/pending/discord_desktop_core-1.zip: 86%
2023-09-03T13:52:45.210Z [Modules] Streaming discord_desktop_core@1 to /home/notsoweird/.config/discord/0.0.29/modules/pending/discord_desktop_core-1.zip: 90%
2023-09-03T13:52:45.210Z [Modules] Streaming discord_desktop_core@1 to /home/notsoweird/.config/discord/0.0.29/modules/pending/discord_desktop_core-1.zip: 91%
2023-09-03T13:52:45.212Z [Modules] Streaming discord_desktop_core@1 to /home/notsoweird/.config/discord/0.0.29/modules/pending/discord_desktop_core-1.zip: 93%
2023-09-03T13:52:45.212Z [Modules] Streaming discord_desktop_core@1 to /home/notsoweird/.config/discord/0.0.29/modules/pending/discord_desktop_core-1.zip: 96%
2023-09-03T13:52:45.213Z [Modules] Streaming discord_desktop_core@1 to /home/notsoweird/.config/discord/0.0.29/modules/pending/discord_desktop_core-1.zip: 98%
2023-09-03T13:52:45.214Z [Modules] Streaming discord_desktop_core@1 to /home/notsoweird/.config/discord/0.0.29/modules/pending/discord_desktop_core-1.zip: 99%
2023-09-03T13:52:45.214Z [Modules] Streaming discord_desktop_core@1 to /home/notsoweird/.config/discord/0.0.29/modules/pending/discord_desktop_core-1.zip: 100%
2023-09-03T13:52:45.215Z [Modules] Fetching discord_erlpack@1 from https://discord.com/api/modules/stable/discord_erlpack/1
2023-09-03T13:52:45.215Z [Modules] Streaming discord_erlpack@1 to /home/notsoweird/.config/discord/0.0.29/modules/pending/discord_erlpack-1.zip
2023-09-03T13:52:45.389Z [Modules] Streaming discord_erlpack@1 to /home/notsoweird/.config/discord/0.0.29/modules/pending/discord_erlpack-1.zip: 3%
2023-09-03T13:52:45.399Z [Modules] Streaming discord_erlpack@1 to /home/notsoweird/.config/discord/0.0.29/modules/pending/discord_erlpack-1.zip: 7%
2023-09-03T13:52:45.402Z [Modules] Streaming discord_erlpack@1 to /home/notsoweird/.config/discord/0.0.29/modules/pending/discord_erlpack-1.zip: 14%
2023-09-03T13:52:45.405Z [Modules] Streaming discord_erlpack@1 to /home/notsoweird/.config/discord/0.0.29/modules/pending/discord_erlpack-1.zip: 20%
2023-09-03T13:52:45.407Z [Modules] Streaming discord_erlpack@1 to /home/notsoweird/.config/discord/0.0.29/modules/pending/discord_erlpack-1.zip: 31%
2023-09-03T13:52:45.410Z [Modules] Streaming discord_erlpack@1 to /home/notsoweird/.config/discord/0.0.29/modules/pending/discord_erlpack-1.zip: 38%
2023-09-03T13:52:45.412Z [Modules] Streaming discord_erlpack@1 to /home/notsoweird/.config/discord/0.0.29/modules/pending/discord_erlpack-1.zip: 48%
2023-09-03T13:52:45.415Z [Modules] Streaming discord_erlpack@1 to /home/notsoweird/.config/discord/0.0.29/modules/pending/discord_erlpack-1.zip: 51%
2023-09-03T13:52:45.418Z [Modules] Streaming discord_erlpack@1 to /home/notsoweird/.config/discord/0.0.29/modules/pending/discord_erlpack-1.zip: 62%
2023-09-03T13:52:45.421Z [Modules] Streaming discord_erlpack@1 to /home/notsoweird/.config/discord/0.0.29/modules/pending/discord_erlpack-1.zip: 68%
2023-09-03T13:52:45.424Z [Modules] Streaming discord_erlpack@1 to /home/notsoweird/.config/discord/0.0.29/modules/pending/discord_erlpack-1.zip: 75%
2023-09-03T13:52:45.426Z [Modules] Streaming discord_erlpack@1 to /home/notsoweird/.config/discord/0.0.29/modules/pending/discord_erlpack-1.zip: 89%
2023-09-03T13:52:45.427Z [Modules] Streaming discord_erlpack@1 to /home/notsoweird/.config/discord/0.0.29/modules/pending/discord_erlpack-1.zip: 96%
2023-09-03T13:52:45.429Z [Modules] Streaming discord_erlpack@1 to /home/notsoweird/.config/discord/0.0.29/modules/pending/discord_erlpack-1.zip: 100%
2023-09-03T13:52:45.431Z [Modules] Fetching discord_spellcheck@1 from https://discord.com/api/modules/stable/discord_spellcheck/1
2023-09-03T13:52:45.431Z [Modules] Streaming discord_spellcheck@1 to /home/notsoweird/.config/discord/0.0.29/modules/pending/discord_spellcheck-1.zip
2023-09-03T13:52:45.601Z [Modules] Streaming discord_spellcheck@1 to /home/notsoweird/.config/discord/0.0.29/modules/pending/discord_spellcheck-1.zip: 1%
2023-09-03T13:52:45.604Z [Modules] Streaming discord_spellcheck@1 to /home/notsoweird/.config/discord/0.0.29/modules/pending/discord_spellcheck-1.zip: 2%
2023-09-03T13:52:45.606Z [Modules] Streaming discord_spellcheck@1 to /home/notsoweird/.config/discord/0.0.29/modules/pending/discord_spellcheck-1.zip: 4%
2023-09-03T13:52:45.608Z [Modules] Streaming discord_spellcheck@1 to /home/notsoweird/.config/discord/0.0.29/modules/pending/discord_spellcheck-1.zip: 5%
2023-09-03T13:52:45.610Z [Modules] Streaming discord_spellcheck@1 to /home/notsoweird/.config/discord/0.0.29/modules/pending/discord_spellcheck-1.zip: 7%
2023-09-03T13:52:45.613Z [Modules] Streaming discord_spellcheck@1 to /home/notsoweird/.config/discord/0.0.29/modules/pending/discord_spellcheck-1.zip: 9%
2023-09-03T13:52:45.616Z [Modules] Streaming discord_spellcheck@1 to /home/notsoweird/.config/discord/0.0.29/modules/pending/discord_spellcheck-1.zip: 11%
2023-09-03T13:52:45.619Z [Modules] Streaming discord_spellcheck@1 to /home/notsoweird/.config/discord/0.0.29/modules/pending/discord_spellcheck-1.zip: 13%
2023-09-03T13:52:45.622Z [Modules] Streaming discord_spellcheck@1 to /home/notsoweird/.config/discord/0.0.29/modules/pending/discord_spellcheck-1.zip: 14%
2023-09-03T13:52:45.624Z [Modules] Streaming discord_spellcheck@1 to /home/notsoweird/.config/discord/0.0.29/modules/pending/discord_spellcheck-1.zip: 15%
2023-09-03T13:52:45.626Z [Modules] Streaming discord_spellcheck@1 to /home/notsoweird/.config/discord/0.0.29/modules/pending/discord_spellcheck-1.zip: 17%
2023-09-03T13:52:45.632Z [Modules] Streaming discord_spellcheck@1 to /home/notsoweird/.config/discord/0.0.29/modules/pending/discord_spellcheck-1.zip: 18%
2023-09-03T13:52:45.635Z [Modules] Streaming discord_spellcheck@1 to /home/notsoweird/.config/discord/0.0.29/modules/pending/discord_spellcheck-1.zip: 20%
2023-09-03T13:52:45.639Z [Modules] Streaming discord_spellcheck@1 to /home/notsoweird/.config/discord/0.0.29/modules/pending/discord_spellcheck-1.zip: 21%
2023-09-03T13:52:45.641Z [Modules] Streaming discord_spellcheck@1 to /home/notsoweird/.config/discord/0.0.29/modules/pending/discord_spellcheck-1.zip: 22%
2023-09-03T13:52:45.643Z [Modules] Streaming discord_spellcheck@1 to /home/notsoweird/.config/discord/0.0.29/modules/pending/discord_spellcheck-1.zip: 23%
2023-09-03T13:52:45.645Z [Modules] Streaming discord_spellcheck@1 to /home/notsoweird/.config/discord/0.0.29/modules/pending/discord_spellcheck-1.zip: 24%
2023-09-03T13:52:45.646Z [Modules] Streaming discord_spellcheck@1 to /home/notsoweird/.config/discord/0.0.29/modules/pending/discord_spellcheck-1.zip: 25%
2023-09-03T13:52:45.648Z [Modules] Streaming discord_spellcheck@1 to /home/notsoweird/.config/discord/0.0.29/modules/pending/discord_spellcheck-1.zip: 26%
2023-09-03T13:52:45.651Z [Modules] Streaming discord_spellcheck@1 to /home/notsoweird/.config/discord/0.0.29/modules/pending/discord_spellcheck-1.zip: 27%
2023-09-03T13:52:45.654Z [Modules] Streaming discord_spellcheck@1 to /home/notsoweird/.config/discord/0.0.29/modules/pending/discord_spellcheck-1.zip: 28%
2023-09-03T13:52:45.658Z [Modules] Streaming discord_spellcheck@1 to /home/notsoweird/.config/discord/0.0.29/modules/pending/discord_spellcheck-1.zip: 31%
2023-09-03T13:52:45.660Z [Modules] Streaming discord_spellcheck@1 to /home/notsoweird/.config/discord/0.0.29/modules/pending/discord_spellcheck-1.zip: 32%
2023-09-03T13:52:45.663Z [Modules] Streaming discord_spellcheck@1 to /home/notsoweird/.config/discord/0.0.29/modules/pending/discord_spellcheck-1.zip: 33%
2023-09-03T13:52:45.665Z [Modules] Streaming discord_spellcheck@1 to /home/notsoweird/.config/discord/0.0.29/modules/pending/discord_spellcheck-1.zip: 35%
2023-09-03T13:52:45.668Z [Modules] Streaming discord_spellcheck@1 to /home/notsoweird/.config/discord/0.0.29/modules/pending/discord_spellcheck-1.zip: 36%
2023-09-03T13:52:45.672Z [Modules] Streaming discord_spellcheck@1 to /home/notsoweird/.config/discord/0.0.29/modules/pending/discord_spellcheck-1.zip: 37%
2023-09-03T13:52:45.674Z [Modules] Streaming discord_spellcheck@1 to /home/notsoweird/.config/discord/0.0.29/modules/pending/discord_spellcheck-1.zip: 38%
2023-09-03T13:52:45.679Z [Modules] Streaming discord_spellcheck@1 to /home/notsoweird/.config/discord/0.0.29/modules/pending/discord_spellcheck-1.zip: 39%
2023-09-03T13:52:45.683Z [Modules] Streaming discord_spellcheck@1 to /home/notsoweird/.config/discord/0.0.29/modules/pending/discord_spellcheck-1.zip: 41%
2023-09-03T13:52:45.686Z [Modules] Streaming discord_spellcheck@1 to /home/notsoweird/.config/discord/0.0.29/modules/pending/discord_spellcheck-1.zip: 42%
2023-09-03T13:52:45.689Z [Modules] Streaming discord_spellcheck@1 to /home/notsoweird/.config/discord/0.0.29/modules/pending/discord_spellcheck-1.zip: 43%
2023-09-03T13:52:45.692Z [Modules] Streaming discord_spellcheck@1 to /home/notsoweird/.config/discord/0.0.29/modules/pending/discord_spellcheck-1.zip: 45%
2023-09-03T13:52:45.694Z [Modules] Streaming discord_spellcheck@1 to /home/notsoweird/.config/discord/0.0.29/modules/pending/discord_spellcheck-1.zip: 46%
2023-09-03T13:52:45.697Z [Modules] Streaming discord_spellcheck@1 to /home/notsoweird/.config/discord/0.0.29/modules/pending/discord_spellcheck-1.zip: 47%
2023-09-03T13:52:45.699Z [Modules] Streaming discord_spellcheck@1 to /home/notsoweird/.config/discord/0.0.29/modules/pending/discord_spellcheck-1.zip: 49%
2023-09-03T13:52:45.702Z [Modules] Streaming discord_spellcheck@1 to /home/notsoweird/.config/discord/0.0.29/modules/pending/discord_spellcheck-1.zip: 51%
2023-09-03T13:52:45.705Z [Modules] Streaming discord_spellcheck@1 to /home/notsoweird/.config/discord/0.0.29/modules/pending/discord_spellcheck-1.zip: 52%
2023-09-03T13:52:45.708Z [Modules] Streaming discord_spellcheck@1 to /home/notsoweird/.config/discord/0.0.29/modules/pending/discord_spellcheck-1.zip: 53%
2023-09-03T13:52:45.710Z [Modules] Streaming discord_spellcheck@1 to /home/notsoweird/.config/discord/0.0.29/modules/pending/discord_spellcheck-1.zip: 55%
2023-09-03T13:52:45.712Z [Modules] Streaming discord_spellcheck@1 to /home/notsoweird/.config/discord/0.0.29/modules/pending/discord_spellcheck-1.zip: 56%
2023-09-03T13:52:45.714Z [Modules] Streaming discord_spellcheck@1 to /home/notsoweird/.config/discord/0.0.29/modules/pending/discord_spellcheck-1.zip: 57%
2023-09-03T13:52:45.717Z [Modules] Streaming discord_spellcheck@1 to /home/notsoweird/.config/discord/0.0.29/modules/pending/discord_spellcheck-1.zip: 59%
2023-09-03T13:52:45.722Z [Modules] Streaming discord_spellcheck@1 to /home/notsoweird/.config/discord/0.0.29/modules/pending/discord_spellcheck-1.zip: 60%
2023-09-03T13:52:45.725Z [Modules] Streaming discord_spellcheck@1 to /home/notsoweird/.config/discord/0.0.29/modules/pending/discord_spellcheck-1.zip: 61%
2023-09-03T13:52:45.732Z [Modules] Streaming discord_spellcheck@1 to /home/notsoweird/.config/discord/0.0.29/modules/pending/discord_spellcheck-1.zip: 62%
2023-09-03T13:52:45.735Z [Modules] Streaming discord_spellcheck@1 to /home/notsoweird/.config/discord/0.0.29/modules/pending/discord_spellcheck-1.zip: 65%
2023-09-03T13:52:45.738Z [Modules] Streaming discord_spellcheck@1 to /home/notsoweird/.config/discord/0.0.29/modules/pending/discord_spellcheck-1.zip: 66%
2023-09-03T13:52:45.741Z [Modules] Streaming discord_spellcheck@1 to /home/notsoweird/.config/discord/0.0.29/modules/pending/discord_spellcheck-1.zip: 67%
2023-09-03T13:52:45.743Z [Modules] Streaming discord_spellcheck@1 to /home/notsoweird/.config/discord/0.0.29/modules/pending/discord_spellcheck-1.zip: 68%
2023-09-03T13:52:45.745Z [Modules] Streaming discord_spellcheck@1 to /home/notsoweird/.config/discord/0.0.29/modules/pending/discord_spellcheck-1.zip: 69%
2023-09-03T13:52:45.748Z [Modules] Streaming discord_spellcheck@1 to /home/notsoweird/.config/discord/0.0.29/modules/pending/discord_spellcheck-1.zip: 70%
2023-09-03T13:52:45.751Z [Modules] Streaming discord_spellcheck@1 to /home/notsoweird/.config/discord/0.0.29/modules/pending/discord_spellcheck-1.zip: 71%
2023-09-03T13:52:45.754Z [Modules] Streaming discord_spellcheck@1 to /home/notsoweird/.config/discord/0.0.29/modules/pending/discord_spellcheck-1.zip: 72%
2023-09-03T13:52:45.757Z [Modules] Streaming discord_spellcheck@1 to /home/notsoweird/.config/discord/0.0.29/modules/pending/discord_spellcheck-1.zip: 73%
2023-09-03T13:52:45.760Z [Modules] Streaming discord_spellcheck@1 to /home/notsoweird/.config/discord/0.0.29/modules/pending/discord_spellcheck-1.zip: 75%
2023-09-03T13:52:45.763Z [Modules] Streaming discord_spellcheck@1 to /home/notsoweird/.config/discord/0.0.29/modules/pending/discord_spellcheck-1.zip: 76%
2023-09-03T13:52:45.765Z [Modules] Streaming discord_spellcheck@1 to /home/notsoweird/.config/discord/0.0.29/modules/pending/discord_spellcheck-1.zip: 78%
2023-09-03T13:52:45.767Z [Modules] Streaming discord_spellcheck@1 to /home/notsoweird/.config/discord/0.0.29/modules/pending/discord_spellcheck-1.zip: 79%
2023-09-03T13:52:45.768Z [Modules] Streaming discord_spellcheck@1 to /home/notsoweird/.config/discord/0.0.29/modules/pending/discord_spellcheck-1.zip: 81%
2023-09-03T13:52:45.772Z [Modules] Streaming discord_spellcheck@1 to /home/notsoweird/.config/discord/0.0.29/modules/pending/discord_spellcheck-1.zip: 82%
2023-09-03T13:52:45.774Z [Modules] Streaming discord_spellcheck@1 to /home/notsoweird/.config/discord/0.0.29/modules/pending/discord_spellcheck-1.zip: 83%
2023-09-03T13:52:45.775Z [Modules] Streaming discord_spellcheck@1 to /home/notsoweird/.config/discord/0.0.29/modules/pending/discord_spellcheck-1.zip: 84%
2023-09-03T13:52:45.777Z [Modules] Streaming discord_spellcheck@1 to /home/notsoweird/.config/discord/0.0.29/modules/pending/discord_spellcheck-1.zip: 85%
2023-09-03T13:52:45.778Z [Modules] Streaming discord_spellcheck@1 to /home/notsoweird/.config/discord/0.0.29/modules/pending/discord_spellcheck-1.zip: 86%
2023-09-03T13:52:45.781Z [Modules] Streaming discord_spellcheck@1 to /home/notsoweird/.config/discord/0.0.29/modules/pending/discord_spellcheck-1.zip: 87%
2023-09-03T13:52:45.784Z [Modules] Streaming discord_spellcheck@1 to /home/notsoweird/.config/discord/0.0.29/modules/pending/discord_spellcheck-1.zip: 88%
2023-09-03T13:52:45.784Z [Modules] Streaming discord_spellcheck@1 to /home/notsoweird/.config/discord/0.0.29/modules/pending/discord_spellcheck-1.zip: 89%
2023-09-03T13:52:45.786Z [Modules] Streaming discord_spellcheck@1 to /home/notsoweird/.config/discord/0.0.29/modules/pending/discord_spellcheck-1.zip: 90%
2023-09-03T13:52:45.789Z [Modules] Streaming discord_spellcheck@1 to /home/notsoweird/.config/discord/0.0.29/modules/pending/discord_spellcheck-1.zip: 91%
2023-09-03T13:52:45.789Z [Modules] Streaming discord_spellcheck@1 to /home/notsoweird/.config/discord/0.0.29/modules/pending/discord_spellcheck-1.zip: 92%
2023-09-03T13:52:45.791Z [Modules] Streaming discord_spellcheck@1 to /home/notsoweird/.config/discord/0.0.29/modules/pending/discord_spellcheck-1.zip: 93%
2023-09-03T13:52:45.795Z [Modules] Streaming discord_spellcheck@1 to /home/notsoweird/.config/discord/0.0.29/modules/pending/discord_spellcheck-1.zip: 94%
2023-09-03T13:52:45.795Z [Modules] Streaming discord_spellcheck@1 to /home/notsoweird/.config/discord/0.0.29/modules/pending/discord_spellcheck-1.zip: 95%
2023-09-03T13:52:45.797Z [Modules] Streaming discord_spellcheck@1 to /home/notsoweird/.config/discord/0.0.29/modules/pending/discord_spellcheck-1.zip: 96%
2023-09-03T13:52:45.806Z [Modules] Streaming discord_spellcheck@1 to /home/notsoweird/.config/discord/0.0.29/modules/pending/discord_spellcheck-1.zip: 97%
2023-09-03T13:52:45.806Z [Modules] Streaming discord_spellcheck@1 to /home/notsoweird/.config/discord/0.0.29/modules/pending/discord_spellcheck-1.zip: 98%
2023-09-03T13:52:45.808Z [Modules] Streaming discord_spellcheck@1 to /home/notsoweird/.config/discord/0.0.29/modules/pending/discord_spellcheck-1.zip: 99%
2023-09-03T13:52:45.808Z [Modules] Streaming discord_spellcheck@1 to /home/notsoweird/.config/discord/0.0.29/modules/pending/discord_spellcheck-1.zip: 100%
2023-09-03T13:52:45.809Z [Modules] Fetching discord_utils@1 from https://discord.com/api/modules/stable/discord_utils/1
2023-09-03T13:52:45.809Z [Modules] Streaming discord_utils@1 to /home/notsoweird/.config/discord/0.0.29/modules/pending/discord_utils-1.zip
2023-09-03T13:52:45.987Z [Modules] Streaming discord_utils@1 to /home/notsoweird/.config/discord/0.0.29/modules/pending/discord_utils-1.zip: 1%
2023-09-03T13:52:45.997Z [Modules] Streaming discord_utils@1 to /home/notsoweird/.config/discord/0.0.29/modules/pending/discord_utils-1.zip: 2%
2023-09-03T13:52:45.999Z [Modules] Streaming discord_utils@1 to /home/notsoweird/.config/discord/0.0.29/modules/pending/discord_utils-1.zip: 5%
2023-09-03T13:52:46.003Z [Modules] Streaming discord_utils@1 to /home/notsoweird/.config/discord/0.0.29/modules/pending/discord_utils-1.zip: 11%
2023-09-03T13:52:46.005Z [Modules] Streaming discord_utils@1 to /home/notsoweird/.config/discord/0.0.29/modules/pending/discord_utils-1.zip: 12%
2023-09-03T13:52:46.008Z [Modules] Streaming discord_utils@1 to /home/notsoweird/.config/discord/0.0.29/modules/pending/discord_utils-1.zip: 18%
2023-09-03T13:52:46.011Z [Modules] Streaming discord_utils@1 to /home/notsoweird/.config/discord/0.0.29/modules/pending/discord_utils-1.zip: 21%
2023-09-03T13:52:46.014Z [Modules] Streaming discord_utils@1 to /home/notsoweird/.config/discord/0.0.29/modules/pending/discord_utils-1.zip: 29%
2023-09-03T13:52:46.017Z [Modules] Streaming discord_utils@1 to /home/notsoweird/.config/discord/0.0.29/modules/pending/discord_utils-1.zip: 32%
2023-09-03T13:52:46.020Z [Modules] Streaming discord_utils@1 to /home/notsoweird/.config/discord/0.0.29/modules/pending/discord_utils-1.zip: 36%
2023-09-03T13:52:46.022Z [Modules] Streaming discord_utils@1 to /home/notsoweird/.config/discord/0.0.29/modules/pending/discord_utils-1.zip: 41%
2023-09-03T13:52:46.025Z [Modules] Streaming discord_utils@1 to /home/notsoweird/.config/discord/0.0.29/modules/pending/discord_utils-1.zip: 45%
2023-09-03T13:52:46.027Z [Modules] Streaming discord_utils@1 to /home/notsoweird/.config/discord/0.0.29/modules/pending/discord_utils-1.zip: 49%
2023-09-03T13:52:46.029Z [Modules] Streaming discord_utils@1 to /home/notsoweird/.config/discord/0.0.29/modules/pending/discord_utils-1.zip: 54%
2023-09-03T13:52:46.031Z [Modules] Streaming discord_utils@1 to /home/notsoweird/.config/discord/0.0.29/modules/pending/discord_utils-1.zip: 58%
2023-09-03T13:52:46.034Z [Modules] Streaming discord_utils@1 to /home/notsoweird/.config/discord/0.0.29/modules/pending/discord_utils-1.zip: 61%
2023-09-03T13:52:46.037Z [Modules] Streaming discord_utils@1 to /home/notsoweird/.config/discord/0.0.29/modules/pending/discord_utils-1.zip: 67%
2023-09-03T13:52:46.039Z [Modules] Streaming discord_utils@1 to /home/notsoweird/.config/discord/0.0.29/modules/pending/discord_utils-1.zip: 68%
2023-09-03T13:52:46.042Z [Modules] Streaming discord_utils@1 to /home/notsoweird/.config/discord/0.0.29/modules/pending/discord_utils-1.zip: 72%
2023-09-03T13:52:46.045Z [Modules] Streaming discord_utils@1 to /home/notsoweird/.config/discord/0.0.29/modules/pending/discord_utils-1.zip: 79%
2023-09-03T13:52:46.048Z [Modules] Streaming discord_utils@1 to /home/notsoweird/.config/discord/0.0.29/modules/pending/discord_utils-1.zip: 85%
2023-09-03T13:52:46.051Z [Modules] Streaming discord_utils@1 to /home/notsoweird/.config/discord/0.0.29/modules/pending/discord_utils-1.zip: 90%
2023-09-03T13:52:46.054Z [Modules] Streaming discord_utils@1 to /home/notsoweird/.config/discord/0.0.29/modules/pending/discord_utils-1.zip: 94%
2023-09-03T13:52:46.057Z [Modules] Streaming discord_utils@1 to /home/notsoweird/.config/discord/0.0.29/modules/pending/discord_utils-1.zip: 97%
2023-09-03T13:52:46.059Z [Modules] Streaming discord_utils@1 to /home/notsoweird/.config/discord/0.0.29/modules/pending/discord_utils-1.zip: 100%
2023-09-03T13:52:46.063Z [Modules] Fetching discord_voice@1 from https://discord.com/api/modules/stable/discord_voice/1
2023-09-03T13:52:46.063Z [Modules] Streaming discord_voice@1 to /home/notsoweird/.config/discord/0.0.29/modules/pending/discord_voice-1.zip
2023-09-03T13:52:46.257Z [Modules] Streaming discord_voice@1 to /home/notsoweird/.config/discord/0.0.29/modules/pending/discord_voice-1.zip: 1%
2023-09-03T13:52:46.259Z [Modules] Streaming discord_voice@1 to /home/notsoweird/.config/discord/0.0.29/modules/pending/discord_voice-1.zip: 2%
2023-09-03T13:52:46.265Z [Modules] Streaming discord_voice@1 to /home/notsoweird/.config/discord/0.0.29/modules/pending/discord_voice-1.zip: 3%
2023-09-03T13:52:46.271Z [Modules] Streaming discord_voice@1 to /home/notsoweird/.config/discord/0.0.29/modules/pending/discord_voice-1.zip: 4%
2023-09-03T13:52:46.274Z [Modules] Streaming discord_voice@1 to /home/notsoweird/.config/discord/0.0.29/modules/pending/discord_voice-1.zip: 5%
2023-09-03T13:52:46.277Z [Modules] Streaming discord_voice@1 to /home/notsoweird/.config/discord/0.0.29/modules/pending/discord_voice-1.zip: 6%
2023-09-03T13:52:46.281Z [Modules] Streaming discord_voice@1 to /home/notsoweird/.config/discord/0.0.29/modules/pending/discord_voice-1.zip: 7%
2023-09-03T13:52:46.287Z [Modules] Streaming discord_voice@1 to /home/notsoweird/.config/discord/0.0.29/modules/pending/discord_voice-1.zip: 8%
2023-09-03T13:52:46.290Z [Modules] Streaming discord_voice@1 to /home/notsoweird/.config/discord/0.0.29/modules/pending/discord_voice-1.zip: 9%
2023-09-03T13:52:46.293Z [Modules] Streaming discord_voice@1 to /home/notsoweird/.config/discord/0.0.29/modules/pending/discord_voice-1.zip: 10%
2023-09-03T13:52:46.296Z [Modules] Streaming discord_voice@1 to /home/notsoweird/.config/discord/0.0.29/modules/pending/discord_voice-1.zip: 11%
2023-09-03T13:52:46.301Z [Modules] Streaming discord_voice@1 to /home/notsoweird/.config/discord/0.0.29/modules/pending/discord_voice-1.zip: 12%
2023-09-03T13:52:46.304Z [Modules] Streaming discord_voice@1 to /home/notsoweird/.config/discord/0.0.29/modules/pending/discord_voice-1.zip: 13%
2023-09-03T13:52:46.309Z [Modules] Streaming discord_voice@1 to /home/notsoweird/.config/discord/0.0.29/modules/pending/discord_voice-1.zip: 14%
2023-09-03T13:52:46.312Z [Modules] Streaming discord_voice@1 to /home/notsoweird/.config/discord/0.0.29/modules/pending/discord_voice-1.zip: 15%
2023-09-03T13:52:46.317Z [Modules] Streaming discord_voice@1 to /home/notsoweird/.config/discord/0.0.29/modules/pending/discord_voice-1.zip: 16%
2023-09-03T13:52:46.320Z [Modules] Streaming discord_voice@1 to /home/notsoweird/.config/discord/0.0.29/modules/pending/discord_voice-1.zip: 17%
2023-09-03T13:52:46.324Z [Modules] Streaming discord_voice@1 to /home/notsoweird/.config/discord/0.0.29/modules/pending/discord_voice-1.zip: 18%
2023-09-03T13:52:46.327Z [Modules] Streaming discord_voice@1 to /home/notsoweird/.config/discord/0.0.29/modules/pending/discord_voice-1.zip: 19%
2023-09-03T13:52:46.332Z [Modules] Streaming discord_voice@1 to /home/notsoweird/.config/discord/0.0.29/modules/pending/discord_voice-1.zip: 20%
2023-09-03T13:52:46.335Z [Modules] Streaming discord_voice@1 to /home/notsoweird/.config/discord/0.0.29/modules/pending/discord_voice-1.zip: 21%
2023-09-03T13:52:46.339Z [Modules] Streaming discord_voice@1 to /home/notsoweird/.config/discord/0.0.29/modules/pending/discord_voice-1.zip: 22%
2023-09-03T13:52:46.343Z [Modules] Streaming discord_voice@1 to /home/notsoweird/.config/discord/0.0.29/modules/pending/discord_voice-1.zip: 23%
2023-09-03T13:52:46.347Z [Modules] Streaming discord_voice@1 to /home/notsoweird/.config/discord/0.0.29/modules/pending/discord_voice-1.zip: 24%
2023-09-03T13:52:46.353Z [Modules] Streaming discord_voice@1 to /home/notsoweird/.config/discord/0.0.29/modules/pending/discord_voice-1.zip: 25%
2023-09-03T13:52:46.357Z [Modules] Streaming discord_voice@1 to /home/notsoweird/.config/discord/0.0.29/modules/pending/discord_voice-1.zip: 26%
2023-09-03T13:52:46.360Z [Modules] Streaming discord_voice@1 to /home/notsoweird/.config/discord/0.0.29/modules/pending/discord_voice-1.zip: 27%
2023-09-03T13:52:46.363Z [Modules] Streaming discord_voice@1 to /home/notsoweird/.config/discord/0.0.29/modules/pending/discord_voice-1.zip: 28%
2023-09-03T13:52:46.369Z [Modules] Streaming discord_voice@1 to /home/notsoweird/.config/discord/0.0.29/modules/pending/discord_voice-1.zip: 29%
2023-09-03T13:52:46.373Z [Modules] Streaming discord_voice@1 to /home/notsoweird/.config/discord/0.0.29/modules/pending/discord_voice-1.zip: 30%
2023-09-03T13:52:46.376Z [Modules] Streaming discord_voice@1 to /home/notsoweird/.config/discord/0.0.29/modules/pending/discord_voice-1.zip: 31%
2023-09-03T13:52:46.379Z [Modules] Streaming discord_voice@1 to /home/notsoweird/.config/discord/0.0.29/modules/pending/discord_voice-1.zip: 32%
2023-09-03T13:52:46.381Z [Modules] Streaming discord_voice@1 to /home/notsoweird/.config/discord/0.0.29/modules/pending/discord_voice-1.zip: 33%
2023-09-03T13:52:46.385Z [Modules] Streaming discord_voice@1 to /home/notsoweird/.config/discord/0.0.29/modules/pending/discord_voice-1.zip: 34%
2023-09-03T13:52:46.389Z [Modules] Streaming discord_voice@1 to /home/notsoweird/.config/discord/0.0.29/modules/pending/discord_voice-1.zip: 35%
2023-09-03T13:52:46.392Z [Modules] Streaming discord_voice@1 to /home/notsoweird/.config/discord/0.0.29/modules/pending/discord_voice-1.zip: 36%
2023-09-03T13:52:46.396Z [Modules] Streaming discord_voice@1 to /home/notsoweird/.config/discord/0.0.29/modules/pending/discord_voice-1.zip: 37%
2023-09-03T13:52:46.399Z [Modules] Streaming discord_voice@1 to /home/notsoweird/.config/discord/0.0.29/modules/pending/discord_voice-1.zip: 38%
2023-09-03T13:52:46.404Z [Modules] Streaming discord_voice@1 to /home/notsoweird/.config/discord/0.0.29/modules/pending/discord_voice-1.zip: 39%
2023-09-03T13:52:46.406Z [Modules] Streaming discord_voice@1 to /home/notsoweird/.config/discord/0.0.29/modules/pending/discord_voice-1.zip: 40%
2023-09-03T13:52:46.444Z [Modules] Streaming discord_voice@1 to /home/notsoweird/.config/discord/0.0.29/modules/pending/discord_voice-1.zip: 41%
2023-09-03T13:52:46.445Z [Modules] Streaming discord_voice@1 to /home/notsoweird/.config/discord/0.0.29/modules/pending/discord_voice-1.zip: 42%
2023-09-03T13:52:46.446Z [Modules] Streaming discord_voice@1 to /home/notsoweird/.config/discord/0.0.29/modules/pending/discord_voice-1.zip: 43%
2023-09-03T13:52:46.447Z [Modules] Streaming discord_voice@1 to /home/notsoweird/.config/discord/0.0.29/modules/pending/discord_voice-1.zip: 44%
2023-09-03T13:52:46.447Z [Modules] Streaming discord_voice@1 to /home/notsoweird/.config/discord/0.0.29/modules/pending/discord_voice-1.zip: 45%
2023-09-03T13:52:46.451Z [Modules] Streaming discord_voice@1 to /home/notsoweird/.config/discord/0.0.29/modules/pending/discord_voice-1.zip: 47%
2023-09-03T13:52:46.460Z [Modules] Streaming discord_voice@1 to /home/notsoweird/.config/discord/0.0.29/modules/pending/discord_voice-1.zip: 48%
2023-09-03T13:52:46.461Z [Modules] Streaming discord_voice@1 to /home/notsoweird/.config/discord/0.0.29/modules/pending/discord_voice-1.zip: 49%
2023-09-03T13:52:46.500Z [Modules] Streaming discord_voice@1 to /home/notsoweird/.config/discord/0.0.29/modules/pending/discord_voice-1.zip: 50%
2023-09-03T13:52:46.501Z [Modules] Streaming discord_voice@1 to /home/notsoweird/.config/discord/0.0.29/modules/pending/discord_voice-1.zip: 51%
2023-09-03T13:52:46.502Z [Modules] Streaming discord_voice@1 to /home/notsoweird/.config/discord/0.0.29/modules/pending/discord_voice-1.zip: 52%
2023-09-03T13:52:46.502Z [Modules] Streaming discord_voice@1 to /home/notsoweird/.config/discord/0.0.29/modules/pending/discord_voice-1.zip: 53%
2023-09-03T13:52:46.503Z [Modules] Streaming discord_voice@1 to /home/notsoweird/.config/discord/0.0.29/modules/pending/discord_voice-1.zip: 54%
2023-09-03T13:52:46.545Z [Modules] Streaming discord_voice@1 to /home/notsoweird/.config/discord/0.0.29/modules/pending/discord_voice-1.zip: 55%
2023-09-03T13:52:46.547Z [Modules] Streaming discord_voice@1 to /home/notsoweird/.config/discord/0.0.29/modules/pending/discord_voice-1.zip: 56%
2023-09-03T13:52:46.550Z [Modules] Streaming discord_voice@1 to /home/notsoweird/.config/discord/0.0.29/modules/pending/discord_voice-1.zip: 57%
2023-09-03T13:52:46.551Z [Modules] Streaming discord_voice@1 to /home/notsoweird/.config/discord/0.0.29/modules/pending/discord_voice-1.zip: 58%
2023-09-03T13:52:46.551Z [Modules] Streaming discord_voice@1 to /home/notsoweird/.config/discord/0.0.29/modules/pending/discord_voice-1.zip: 59%
2023-09-03T13:52:46.552Z [Modules] Streaming discord_voice@1 to /home/notsoweird/.config/discord/0.0.29/modules/pending/discord_voice-1.zip: 60%
2023-09-03T13:52:46.554Z [Modules] Streaming discord_voice@1 to /home/notsoweird/.config/discord/0.0.29/modules/pending/discord_voice-1.zip: 61%
2023-09-03T13:52:46.557Z [Modules] Streaming discord_voice@1 to /home/notsoweird/.config/discord/0.0.29/modules/pending/discord_voice-1.zip: 62%
2023-09-03T13:52:46.559Z [Modules] Streaming discord_voice@1 to /home/notsoweird/.config/discord/0.0.29/modules/pending/discord_voice-1.zip: 63%
2023-09-03T13:52:46.560Z [Modules] Streaming discord_voice@1 to /home/notsoweird/.config/discord/0.0.29/modules/pending/discord_voice-1.zip: 64%
2023-09-03T13:52:46.601Z [Modules] Streaming discord_voice@1 to /home/notsoweird/.config/discord/0.0.29/modules/pending/discord_voice-1.zip: 65%
2023-09-03T13:52:46.603Z [Modules] Streaming discord_voice@1 to /home/notsoweird/.config/discord/0.0.29/modules/pending/discord_voice-1.zip: 66%
2023-09-03T13:52:46.603Z [Modules] Streaming discord_voice@1 to /home/notsoweird/.config/discord/0.0.29/modules/pending/discord_voice-1.zip: 67%
2023-09-03T13:52:46.604Z [Modules] Streaming discord_voice@1 to /home/notsoweird/.config/discord/0.0.29/modules/pending/discord_voice-1.zip: 68%
2023-09-03T13:52:46.610Z [Modules] Streaming discord_voice@1 to /home/notsoweird/.config/discord/0.0.29/modules/pending/discord_voice-1.zip: 69%
2023-09-03T13:52:46.611Z [Modules] Streaming discord_voice@1 to /home/notsoweird/.config/discord/0.0.29/modules/pending/discord_voice-1.zip: 70%
2023-09-03T13:52:46.646Z [Modules] Streaming discord_voice@1 to /home/notsoweird/.config/discord/0.0.29/modules/pending/discord_voice-1.zip: 71%
2023-09-03T13:52:46.647Z [Modules] Streaming discord_voice@1 to /home/notsoweird/.config/discord/0.0.29/modules/pending/discord_voice-1.zip: 72%
2023-09-03T13:52:46.649Z [Modules] Streaming discord_voice@1 to /home/notsoweird/.config/discord/0.0.29/modules/pending/discord_voice-1.zip: 73%
2023-09-03T13:52:46.652Z [Modules] Streaming discord_voice@1 to /home/notsoweird/.config/discord/0.0.29/modules/pending/discord_voice-1.zip: 74%
2023-09-03T13:52:46.653Z [Modules] Streaming discord_voice@1 to /home/notsoweird/.config/discord/0.0.29/modules/pending/discord_voice-1.zip: 75%
2023-09-03T13:52:46.654Z [Modules] Streaming discord_voice@1 to /home/notsoweird/.config/discord/0.0.29/modules/pending/discord_voice-1.zip: 76%
2023-09-03T13:52:46.679Z [Modules] Streaming discord_voice@1 to /home/notsoweird/.config/discord/0.0.29/modules/pending/discord_voice-1.zip: 77%
2023-09-03T13:52:46.687Z [Modules] Streaming discord_voice@1 to /home/notsoweird/.config/discord/0.0.29/modules/pending/discord_voice-1.zip: 78%
2023-09-03T13:52:46.688Z [Modules] Streaming discord_voice@1 to /home/notsoweird/.config/discord/0.0.29/modules/pending/discord_voice-1.zip: 79%
2023-09-03T13:52:46.715Z [Modules] Streaming discord_voice@1 to /home/notsoweird/.config/discord/0.0.29/modules/pending/discord_voice-1.zip: 80%
2023-09-03T13:52:46.716Z [Modules] Streaming discord_voice@1 to /home/notsoweird/.config/discord/0.0.29/modules/pending/discord_voice-1.zip: 81%
2023-09-03T13:52:46.717Z [Modules] Streaming discord_voice@1 to /home/notsoweird/.config/discord/0.0.29/modules/pending/discord_voice-1.zip: 82%
2023-09-03T13:52:46.722Z [Modules] Streaming discord_voice@1 to /home/notsoweird/.config/discord/0.0.29/modules/pending/discord_voice-1.zip: 83%
2023-09-03T13:52:46.723Z [Modules] Streaming discord_voice@1 to /home/notsoweird/.config/discord/0.0.29/modules/pending/discord_voice-1.zip: 84%
2023-09-03T13:52:46.724Z [Modules] Streaming discord_voice@1 to /home/notsoweird/.config/discord/0.0.29/modules/pending/discord_voice-1.zip: 85%
2023-09-03T13:52:46.725Z [Modules] Streaming discord_voice@1 to /home/notsoweird/.config/discord/0.0.29/modules/pending/discord_voice-1.zip: 86%
2023-09-03T13:52:46.725Z [Modules] Streaming discord_voice@1 to /home/notsoweird/.config/discord/0.0.29/modules/pending/discord_voice-1.zip: 87%
2023-09-03T13:52:46.775Z [Modules] Streaming discord_voice@1 to /home/notsoweird/.config/discord/0.0.29/modules/pending/discord_voice-1.zip: 88%
2023-09-03T13:52:46.781Z [Modules] Streaming discord_voice@1 to /home/notsoweird/.config/discord/0.0.29/modules/pending/discord_voice-1.zip: 89%
2023-09-03T13:52:46.785Z [Modules] Streaming discord_voice@1 to /home/notsoweird/.config/discord/0.0.29/modules/pending/discord_voice-1.zip: 90%
2023-09-03T13:52:46.790Z [Modules] Streaming discord_voice@1 to /home/notsoweird/.config/discord/0.0.29/modules/pending/discord_voice-1.zip: 91%
2023-09-03T13:52:46.792Z [Modules] Streaming discord_voice@1 to /home/notsoweird/.config/discord/0.0.29/modules/pending/discord_voice-1.zip: 92%
2023-09-03T13:52:46.795Z [Modules] Streaming discord_voice@1 to /home/notsoweird/.config/discord/0.0.29/modules/pending/discord_voice-1.zip: 93%
2023-09-03T13:52:46.800Z [Modules] Streaming discord_voice@1 to /home/notsoweird/.config/discord/0.0.29/modules/pending/discord_voice-1.zip: 94%
2023-09-03T13:52:46.803Z [Modules] Streaming discord_voice@1 to /home/notsoweird/.config/discord/0.0.29/modules/pending/discord_voice-1.zip: 95%
2023-09-03T13:52:46.807Z [Modules] Streaming discord_voice@1 to /home/notsoweird/.config/discord/0.0.29/modules/pending/discord_voice-1.zip: 96%
2023-09-03T13:52:46.810Z [Modules] Streaming discord_voice@1 to /home/notsoweird/.config/discord/0.0.29/modules/pending/discord_voice-1.zip: 97%
2023-09-03T13:52:46.813Z [Modules] Streaming discord_voice@1 to /home/notsoweird/.config/discord/0.0.29/modules/pending/discord_voice-1.zip: 98%
2023-09-03T13:52:46.816Z [Modules] Streaming discord_voice@1 to /home/notsoweird/.config/discord/0.0.29/modules/pending/discord_voice-1.zip: 99%
2023-09-03T13:52:46.821Z [Modules] Streaming discord_voice@1 to /home/notsoweird/.config/discord/0.0.29/modules/pending/discord_voice-1.zip: 100%
2023-09-03T13:52:46.826Z [Modules] Finished module downloads. [success: 5] [failure: 0]
2023-09-03T13:52:46.828Z [Modules] Installing updates...
2023-09-03T13:52:46.829Z [Modules] Installing discord_desktop_core@1 from /home/notsoweird/.config/discord/0.0.29/modules/pending/discord_desktop_core-1.zip
2023-09-03T13:52:46.975Z [Modules] Installing discord_erlpack@1 from /home/notsoweird/.config/discord/0.0.29/modules/pending/discord_erlpack-1.zip
2023-09-03T13:52:47.026Z [Modules] Installing discord_spellcheck@1 from /home/notsoweird/.config/discord/0.0.29/modules/pending/discord_spellcheck-1.zip
2023-09-03T13:52:47.600Z [Modules] Installing discord_utils@1 from /home/notsoweird/.config/discord/0.0.29/modules/pending/discord_utils-1.zip
2023-09-03T13:52:47.935Z [Modules] Installing discord_voice@1 from /home/notsoweird/.config/discord/0.0.29/modules/pending/discord_voice-1.zip
2023-09-03T13:52:48.512Z [Modules] Finished module installations. [success: 5] [failure: 0]
2023-09-03T13:52:48.512Z [Modules] Checking for host updates.
2023-09-03T13:52:48.661Z [Modules] Host is up to date.
2023-09-03T13:52:48.661Z [Modules] Checking for module updates at https://discord.com/api/modules/stable/versions.json
2023-09-03T13:52:48.670Z [Modules] No module updates available.
2023-09-03T13:52:49.974Z [Modules] Starting to install discord_krisp...
2023-09-03T13:52:49.974Z [Modules] Fetching discord_krisp@1 from https://discord.com/api/modules/stable/discord_krisp/1
2023-09-03T13:52:49.974Z [Modules] Streaming discord_krisp@1 to /home/notsoweird/.config/discord/0.0.29/modules/pending/discord_krisp-1.zip
2023-09-03T13:52:49.990Z [Modules] Starting to install discord_game_utils...
2023-09-03T13:52:50.145Z [Modules] Streaming discord_krisp@1 to /home/notsoweird/.config/discord/0.0.29/modules/pending/discord_krisp-1.zip: 1%
2023-09-03T13:52:50.147Z [Modules] Streaming discord_krisp@1 to /home/notsoweird/.config/discord/0.0.29/modules/pending/discord_krisp-1.zip: 2%
2023-09-03T13:52:50.152Z [Modules] Streaming discord_krisp@1 to /home/notsoweird/.config/discord/0.0.29/modules/pending/discord_krisp-1.zip: 3%
2023-09-03T13:52:50.158Z [Modules] Streaming discord_krisp@1 to /home/notsoweird/.config/discord/0.0.29/modules/pending/discord_krisp-1.zip: 4%
2023-09-03T13:52:50.163Z [Modules] Streaming discord_krisp@1 to /home/notsoweird/.config/discord/0.0.29/modules/pending/discord_krisp-1.zip: 5%
2023-09-03T13:52:50.170Z [Modules] Streaming discord_krisp@1 to /home/notsoweird/.config/discord/0.0.29/modules/pending/discord_krisp-1.zip: 6%
2023-09-03T13:52:50.175Z [Modules] Streaming discord_krisp@1 to /home/notsoweird/.config/discord/0.0.29/modules/pending/discord_krisp-1.zip: 7%
2023-09-03T13:52:50.180Z [Modules] Streaming discord_krisp@1 to /home/notsoweird/.config/discord/0.0.29/modules/pending/discord_krisp-1.zip: 8%
2023-09-03T13:52:50.187Z [Modules] Streaming discord_krisp@1 to /home/notsoweird/.config/discord/0.0.29/modules/pending/discord_krisp-1.zip: 9%
2023-09-03T13:52:50.197Z [Modules] Streaming discord_krisp@1 to /home/notsoweird/.config/discord/0.0.29/modules/pending/discord_krisp-1.zip: 10%
2023-09-03T13:52:50.213Z [Modules] Streaming discord_krisp@1 to /home/notsoweird/.config/discord/0.0.29/modules/pending/discord_krisp-1.zip: 11%
2023-09-03T13:52:50.224Z [Modules] Streaming discord_krisp@1 to /home/notsoweird/.config/discord/0.0.29/modules/pending/discord_krisp-1.zip: 12%
2023-09-03T13:52:50.226Z [Modules] Streaming discord_krisp@1 to /home/notsoweird/.config/discord/0.0.29/modules/pending/discord_krisp-1.zip: 13%
2023-09-03T13:52:50.228Z [Modules] Streaming discord_krisp@1 to /home/notsoweird/.config/discord/0.0.29/modules/pending/discord_krisp-1.zip: 14%
2023-09-03T13:52:50.228Z [Modules] Streaming discord_krisp@1 to /home/notsoweird/.config/discord/0.0.29/modules/pending/discord_krisp-1.zip: 15%
2023-09-03T13:52:50.229Z [Modules] Streaming discord_krisp@1 to /home/notsoweird/.config/discord/0.0.29/modules/pending/discord_krisp-1.zip: 16%
2023-09-03T13:52:50.230Z [Modules] Streaming discord_krisp@1 to /home/notsoweird/.config/discord/0.0.29/modules/pending/discord_krisp-1.zip: 17%
2023-09-03T13:52:50.234Z [Modules] Streaming discord_krisp@1 to /home/notsoweird/.config/discord/0.0.29/modules/pending/discord_krisp-1.zip: 18%
2023-09-03T13:52:50.237Z [Modules] Streaming discord_krisp@1 to /home/notsoweird/.config/discord/0.0.29/modules/pending/discord_krisp-1.zip: 19%
2023-09-03T13:52:50.241Z [Modules] Streaming discord_krisp@1 to /home/notsoweird/.config/discord/0.0.29/modules/pending/discord_krisp-1.zip: 20%
2023-09-03T13:52:50.251Z [Modules] Streaming discord_krisp@1 to /home/notsoweird/.config/discord/0.0.29/modules/pending/discord_krisp-1.zip: 21%
2023-09-03T13:52:50.382Z [Modules] Streaming discord_krisp@1 to /home/notsoweird/.config/discord/0.0.29/modules/pending/discord_krisp-1.zip: 22%
2023-09-03T13:52:50.387Z [Modules] Streaming discord_krisp@1 to /home/notsoweird/.config/discord/0.0.29/modules/pending/discord_krisp-1.zip: 23%
2023-09-03T13:52:50.399Z [Modules] Streaming discord_krisp@1 to /home/notsoweird/.config/discord/0.0.29/modules/pending/discord_krisp-1.zip: 24%
2023-09-03T13:52:50.408Z [Modules] Streaming discord_krisp@1 to /home/notsoweird/.config/discord/0.0.29/modules/pending/discord_krisp-1.zip: 25%
2023-09-03T13:52:50.411Z [Modules] Streaming discord_krisp@1 to /home/notsoweird/.config/discord/0.0.29/modules/pending/discord_krisp-1.zip: 26%
2023-09-03T13:52:50.412Z [Modules] Streaming discord_krisp@1 to /home/notsoweird/.config/discord/0.0.29/modules/pending/discord_krisp-1.zip: 27%
2023-09-03T13:52:50.413Z [Modules] Streaming discord_krisp@1 to /home/notsoweird/.config/discord/0.0.29/modules/pending/discord_krisp-1.zip: 28%
2023-09-03T13:52:50.414Z [Modules] Streaming discord_krisp@1 to /home/notsoweird/.config/discord/0.0.29/modules/pending/discord_krisp-1.zip: 29%
2023-09-03T13:52:50.416Z [Modules] Streaming discord_krisp@1 to /home/notsoweird/.config/discord/0.0.29/modules/pending/discord_krisp-1.zip: 30%
2023-09-03T13:52:50.417Z [Modules] Streaming discord_krisp@1 to /home/notsoweird/.config/discord/0.0.29/modules/pending/discord_krisp-1.zip: 31%
2023-09-03T13:52:50.420Z [Modules] Streaming discord_krisp@1 to /home/notsoweird/.config/discord/0.0.29/modules/pending/discord_krisp-1.zip: 32%
2023-09-03T13:52:50.420Z [Modules] Streaming discord_krisp@1 to /home/notsoweird/.config/discord/0.0.29/modules/pending/discord_krisp-1.zip: 33%
2023-09-03T13:52:50.421Z [Modules] Streaming discord_krisp@1 to /home/notsoweird/.config/discord/0.0.29/modules/pending/discord_krisp-1.zip: 34%
2023-09-03T13:52:50.422Z [Modules] Streaming discord_krisp@1 to /home/notsoweird/.config/discord/0.0.29/modules/pending/discord_krisp-1.zip: 35%
2023-09-03T13:52:50.423Z [Modules] Streaming discord_krisp@1 to /home/notsoweird/.config/discord/0.0.29/modules/pending/discord_krisp-1.zip: 36%
2023-09-03T13:52:50.424Z [Modules] Streaming discord_krisp@1 to /home/notsoweird/.config/discord/0.0.29/modules/pending/discord_krisp-1.zip: 37%
2023-09-03T13:52:50.425Z [Modules] Streaming discord_krisp@1 to /home/notsoweird/.config/discord/0.0.29/modules/pending/discord_krisp-1.zip: 38%
2023-09-03T13:52:50.426Z [Modules] Streaming discord_krisp@1 to /home/notsoweird/.config/discord/0.0.29/modules/pending/discord_krisp-1.zip: 39%
2023-09-03T13:52:50.426Z [Modules] Streaming discord_krisp@1 to /home/notsoweird/.config/discord/0.0.29/modules/pending/discord_krisp-1.zip: 40%
2023-09-03T13:52:50.427Z [Modules] Streaming discord_krisp@1 to /home/notsoweird/.config/discord/0.0.29/modules/pending/discord_krisp-1.zip: 41%
2023-09-03T13:52:50.428Z [Modules] Streaming discord_krisp@1 to /home/notsoweird/.config/discord/0.0.29/modules/pending/discord_krisp-1.zip: 42%
2023-09-03T13:52:50.429Z [Modules] Streaming discord_krisp@1 to /home/notsoweird/.config/discord/0.0.29/modules/pending/discord_krisp-1.zip: 43%
2023-09-03T13:52:50.433Z [Modules] Streaming discord_krisp@1 to /home/notsoweird/.config/discord/0.0.29/modules/pending/discord_krisp-1.zip: 44%
2023-09-03T13:52:50.439Z [Modules] Streaming discord_krisp@1 to /home/notsoweird/.config/discord/0.0.29/modules/pending/discord_krisp-1.zip: 45%
2023-09-03T13:52:50.443Z [Modules] Streaming discord_krisp@1 to /home/notsoweird/.config/discord/0.0.29/modules/pending/discord_krisp-1.zip: 46%
2023-09-03T13:52:50.447Z [Modules] Streaming discord_krisp@1 to /home/notsoweird/.config/discord/0.0.29/modules/pending/discord_krisp-1.zip: 47%
2023-09-03T13:52:50.451Z [Modules] Streaming discord_krisp@1 to /home/notsoweird/.config/discord/0.0.29/modules/pending/discord_krisp-1.zip: 48%
2023-09-03T13:52:50.455Z [Modules] Streaming discord_krisp@1 to /home/notsoweird/.config/discord/0.0.29/modules/pending/discord_krisp-1.zip: 49%
2023-09-03T13:52:50.462Z [Modules] Streaming discord_krisp@1 to /home/notsoweird/.config/discord/0.0.29/modules/pending/discord_krisp-1.zip: 50%
2023-09-03T13:52:50.467Z [Modules] Streaming discord_krisp@1 to /home/notsoweird/.config/discord/0.0.29/modules/pending/discord_krisp-1.zip: 51%
2023-09-03T13:52:50.474Z [Modules] Streaming discord_krisp@1 to /home/notsoweird/.config/discord/0.0.29/modules/pending/discord_krisp-1.zip: 52%
2023-09-03T13:52:50.478Z [Modules] Streaming discord_krisp@1 to /home/notsoweird/.config/discord/0.0.29/modules/pending/discord_krisp-1.zip: 53%
2023-09-03T13:52:50.481Z [Modules] Streaming discord_krisp@1 to /home/notsoweird/.config/discord/0.0.29/modules/pending/discord_krisp-1.zip: 54%
2023-09-03T13:52:50.486Z [Modules] Streaming discord_krisp@1 to /home/notsoweird/.config/discord/0.0.29/modules/pending/discord_krisp-1.zip: 55%
2023-09-03T13:52:50.491Z [Modules] Streaming discord_krisp@1 to /home/notsoweird/.config/discord/0.0.29/modules/pending/discord_krisp-1.zip: 56%
2023-09-03T13:52:50.497Z [Modules] Streaming discord_krisp@1 to /home/notsoweird/.config/discord/0.0.29/modules/pending/discord_krisp-1.zip: 57%
2023-09-03T13:52:50.501Z [Modules] Streaming discord_krisp@1 to /home/notsoweird/.config/discord/0.0.29/modules/pending/discord_krisp-1.zip: 58%
2023-09-03T13:52:50.506Z [Modules] Streaming discord_krisp@1 to /home/notsoweird/.config/discord/0.0.29/modules/pending/discord_krisp-1.zip: 59%
2023-09-03T13:52:50.510Z [Modules] Streaming discord_krisp@1 to /home/notsoweird/.config/discord/0.0.29/modules/pending/discord_krisp-1.zip: 60%
2023-09-03T13:52:50.518Z [Modules] Streaming discord_krisp@1 to /home/notsoweird/.config/discord/0.0.29/modules/pending/discord_krisp-1.zip: 61%
2023-09-03T13:52:50.520Z [Modules] Streaming discord_krisp@1 to /home/notsoweird/.config/discord/0.0.29/modules/pending/discord_krisp-1.zip: 62%
2023-09-03T13:52:50.525Z [Modules] Streaming discord_krisp@1 to /home/notsoweird/.config/discord/0.0.29/modules/pending/discord_krisp-1.zip: 63%
2023-09-03T13:52:50.529Z [Modules] Streaming discord_krisp@1 to /home/notsoweird/.config/discord/0.0.29/modules/pending/discord_krisp-1.zip: 64%
2023-09-03T13:52:50.537Z [Modules] Streaming discord_krisp@1 to /home/notsoweird/.config/discord/0.0.29/modules/pending/discord_krisp-1.zip: 65%
2023-09-03T13:52:50.539Z [Modules] Streaming discord_krisp@1 to /home/notsoweird/.config/discord/0.0.29/modules/pending/discord_krisp-1.zip: 66%
2023-09-03T13:52:50.543Z [Modules] Streaming discord_krisp@1 to /home/notsoweird/.config/discord/0.0.29/modules/pending/discord_krisp-1.zip: 67%
2023-09-03T13:52:50.548Z [Modules] Streaming discord_krisp@1 to /home/notsoweird/.config/discord/0.0.29/modules/pending/discord_krisp-1.zip: 68%
2023-09-03T13:52:50.551Z [Modules] Streaming discord_krisp@1 to /home/notsoweird/.config/discord/0.0.29/modules/pending/discord_krisp-1.zip: 69%
2023-09-03T13:52:50.557Z [Modules] Streaming discord_krisp@1 to /home/notsoweird/.config/discord/0.0.29/modules/pending/discord_krisp-1.zip: 70%
2023-09-03T13:52:50.581Z [Modules] Streaming discord_krisp@1 to /home/notsoweird/.config/discord/0.0.29/modules/pending/discord_krisp-1.zip: 71%
2023-09-03T13:52:50.582Z [Modules] Streaming discord_krisp@1 to /home/notsoweird/.config/discord/0.0.29/modules/pending/discord_krisp-1.zip: 72%
2023-09-03T13:52:50.588Z [Modules] Streaming discord_krisp@1 to /home/notsoweird/.config/discord/0.0.29/modules/pending/discord_krisp-1.zip: 73%
2023-09-03T13:52:50.589Z [Modules] Streaming discord_krisp@1 to /home/notsoweird/.config/discord/0.0.29/modules/pending/discord_krisp-1.zip: 74%
2023-09-03T13:52:50.621Z [Modules] Streaming discord_krisp@1 to /home/notsoweird/.config/discord/0.0.29/modules/pending/discord_krisp-1.zip: 75%
2023-09-03T13:52:50.622Z [Modules] Streaming discord_krisp@1 to /home/notsoweird/.config/discord/0.0.29/modules/pending/discord_krisp-1.zip: 76%
2023-09-03T13:52:50.625Z [Modules] Streaming discord_krisp@1 to /home/notsoweird/.config/discord/0.0.29/modules/pending/discord_krisp-1.zip: 77%
2023-09-03T13:52:50.633Z [Modules] Streaming discord_krisp@1 to /home/notsoweird/.config/discord/0.0.29/modules/pending/discord_krisp-1.zip: 78%
2023-09-03T13:52:50.640Z [Modules] Streaming discord_krisp@1 to /home/notsoweird/.config/discord/0.0.29/modules/pending/discord_krisp-1.zip: 79%
2023-09-03T13:52:50.643Z [Modules] Streaming discord_krisp@1 to /home/notsoweird/.config/discord/0.0.29/modules/pending/discord_krisp-1.zip: 80%
2023-09-03T13:52:50.657Z [Modules] Streaming discord_krisp@1 to /home/notsoweird/.config/discord/0.0.29/modules/pending/discord_krisp-1.zip: 81%
2023-09-03T13:52:50.659Z [Modules] Streaming discord_krisp@1 to /home/notsoweird/.config/discord/0.0.29/modules/pending/discord_krisp-1.zip: 82%
2023-09-03T13:52:50.669Z [Modules] Streaming discord_krisp@1 to /home/notsoweird/.config/discord/0.0.29/modules/pending/discord_krisp-1.zip: 83%
2023-09-03T13:52:50.683Z [Modules] Streaming discord_krisp@1 to /home/notsoweird/.config/discord/0.0.29/modules/pending/discord_krisp-1.zip: 84%
2023-09-03T13:52:50.691Z [Modules] Streaming discord_krisp@1 to /home/notsoweird/.config/discord/0.0.29/modules/pending/discord_krisp-1.zip: 85%
2023-09-03T13:52:50.699Z [Modules] Streaming discord_krisp@1 to /home/notsoweird/.config/discord/0.0.29/modules/pending/discord_krisp-1.zip: 86%
2023-09-03T13:52:50.701Z [Modules] Streaming discord_krisp@1 to /home/notsoweird/.config/discord/0.0.29/modules/pending/discord_krisp-1.zip: 87%
2023-09-03T13:52:50.709Z [Modules] Streaming discord_krisp@1 to /home/notsoweird/.config/discord/0.0.29/modules/pending/discord_krisp-1.zip: 88%
2023-09-03T13:52:50.718Z [Modules] Streaming discord_krisp@1 to /home/notsoweird/.config/discord/0.0.29/modules/pending/discord_krisp-1.zip: 89%
2023-09-03T13:52:50.727Z [Modules] Streaming discord_krisp@1 to /home/notsoweird/.config/discord/0.0.29/modules/pending/discord_krisp-1.zip: 90%
2023-09-03T13:52:50.728Z [Modules] Streaming discord_krisp@1 to /home/notsoweird/.config/discord/0.0.29/modules/pending/discord_krisp-1.zip: 91%
2023-09-03T13:52:50.740Z [Modules] Streaming discord_krisp@1 to /home/notsoweird/.config/discord/0.0.29/modules/pending/discord_krisp-1.zip: 92%
2023-09-03T13:52:50.757Z [Modules] Streaming discord_krisp@1 to /home/notsoweird/.config/discord/0.0.29/modules/pending/discord_krisp-1.zip: 93%
2023-09-03T13:52:50.774Z [Modules] Streaming discord_krisp@1 to /home/notsoweird/.config/discord/0.0.29/modules/pending/discord_krisp-1.zip: 94%
2023-09-03T13:52:50.777Z [Modules] Streaming discord_krisp@1 to /home/notsoweird/.config/discord/0.0.29/modules/pending/discord_krisp-1.zip: 95%
2023-09-03T13:52:50.778Z [Modules] Streaming discord_krisp@1 to /home/notsoweird/.config/discord/0.0.29/modules/pending/discord_krisp-1.zip: 96%
2023-09-03T13:52:50.788Z [Modules] Streaming discord_krisp@1 to /home/notsoweird/.config/discord/0.0.29/modules/pending/discord_krisp-1.zip: 97%
2023-09-03T13:52:50.789Z [Modules] Streaming discord_krisp@1 to /home/notsoweird/.config/discord/0.0.29/modules/pending/discord_krisp-1.zip: 98%
2023-09-03T13:52:50.794Z [Modules] Streaming discord_krisp@1 to /home/notsoweird/.config/discord/0.0.29/modules/pending/discord_krisp-1.zip: 99%
2023-09-03T13:52:50.797Z [Modules] Streaming discord_krisp@1 to /home/notsoweird/.config/discord/0.0.29/modules/pending/discord_krisp-1.zip: 100%
2023-09-03T13:52:50.799Z [Modules] Fetching discord_game_utils@1 from https://discord.com/api/modules/stable/discord_game_utils/1
2023-09-03T13:52:50.799Z [Modules] Streaming discord_game_utils@1 to /home/notsoweird/.config/discord/0.0.29/modules/pending/discord_game_utils-1.zip
2023-09-03T13:52:50.799Z [Modules] Installing discord_krisp@1 from /home/notsoweird/.config/discord/0.0.29/modules/pending/discord_krisp-1.zip
2023-09-03T13:52:50.880Z [Modules] Checking for host updates.
2023-09-03T13:52:51.213Z [Modules] Finished module installations. [success: 1] [failure: 0]
2023-09-03T13:52:51.342Z [Modules] Starting to install discord_rpc...
2023-09-03T13:52:52.065Z [Modules] Host is up to date.
2023-09-03T13:52:52.065Z [Modules] Checking for module updates at https://discord.com/api/modules/stable/versions.json
2023-09-03T13:52:52.075Z [Modules] No module updates available.
2023-09-03T13:52:52.076Z [Modules] Streaming discord_game_utils@1 to /home/notsoweird/.config/discord/0.0.29/modules/pending/discord_game_utils-1.zip: 2%
2023-09-03T13:52:52.085Z [Modules] Streaming discord_game_utils@1 to /home/notsoweird/.config/discord/0.0.29/modules/pending/discord_game_utils-1.zip: 3%
2023-09-03T13:52:52.086Z [Modules] Streaming discord_game_utils@1 to /home/notsoweird/.config/discord/0.0.29/modules/pending/discord_game_utils-1.zip: 5%
2023-09-03T13:52:52.087Z [Modules] Streaming discord_game_utils@1 to /home/notsoweird/.config/discord/0.0.29/modules/pending/discord_game_utils-1.zip: 11%
2023-09-03T13:52:52.088Z [Modules] Streaming discord_game_utils@1 to /home/notsoweird/.config/discord/0.0.29/modules/pending/discord_game_utils-1.zip: 13%
2023-09-03T13:52:52.089Z [Modules] Streaming discord_game_utils@1 to /home/notsoweird/.config/discord/0.0.29/modules/pending/discord_game_utils-1.zip: 16%
2023-09-03T13:52:52.090Z [Modules] Streaming discord_game_utils@1 to /home/notsoweird/.config/discord/0.0.29/modules/pending/discord_game_utils-1.zip: 18%
2023-09-03T13:52:52.090Z [Modules] Streaming discord_game_utils@1 to /home/notsoweird/.config/discord/0.0.29/modules/pending/discord_game_utils-1.zip: 21%
2023-09-03T13:52:52.090Z [Modules] Streaming discord_game_utils@1 to /home/notsoweird/.config/discord/0.0.29/modules/pending/discord_game_utils-1.zip: 24%
2023-09-03T13:52:52.091Z [Modules] Streaming discord_game_utils@1 to /home/notsoweird/.config/discord/0.0.29/modules/pending/discord_game_utils-1.zip: 26%
2023-09-03T13:52:52.091Z [Modules] Streaming discord_game_utils@1 to /home/notsoweird/.config/discord/0.0.29/modules/pending/discord_game_utils-1.zip: 29%
2023-09-03T13:52:52.092Z [Modules] Streaming discord_game_utils@1 to /home/notsoweird/.config/discord/0.0.29/modules/pending/discord_game_utils-1.zip: 31%
2023-09-03T13:52:52.093Z [Modules] Streaming discord_game_utils@1 to /home/notsoweird/.config/discord/0.0.29/modules/pending/discord_game_utils-1.zip: 34%
2023-09-03T13:52:52.093Z [Modules] Streaming discord_game_utils@1 to /home/notsoweird/.config/discord/0.0.29/modules/pending/discord_game_utils-1.zip: 37%
2023-09-03T13:52:52.093Z [Modules] Streaming discord_game_utils@1 to /home/notsoweird/.config/discord/0.0.29/modules/pending/discord_game_utils-1.zip: 39%
2023-09-03T13:52:52.093Z [Modules] Streaming discord_game_utils@1 to /home/notsoweird/.config/discord/0.0.29/modules/pending/discord_game_utils-1.zip: 42%
2023-09-03T13:52:52.094Z [Modules] Streaming discord_game_utils@1 to /home/notsoweird/.config/discord/0.0.29/modules/pending/discord_game_utils-1.zip: 43%
2023-09-03T13:52:52.095Z [Modules] Streaming discord_game_utils@1 to /home/notsoweird/.config/discord/0.0.29/modules/pending/discord_game_utils-1.zip: 46%
2023-09-03T13:52:52.096Z [Modules] Streaming discord_game_utils@1 to /home/notsoweird/.config/discord/0.0.29/modules/pending/discord_game_utils-1.zip: 47%
2023-09-03T13:52:52.096Z [Modules] Streaming discord_game_utils@1 to /home/notsoweird/.config/discord/0.0.29/modules/pending/discord_game_utils-1.zip: 50%
2023-09-03T13:52:52.098Z [Modules] Streaming discord_game_utils@1 to /home/notsoweird/.config/discord/0.0.29/modules/pending/discord_game_utils-1.zip: 52%
2023-09-03T13:52:52.100Z [Modules] Streaming discord_game_utils@1 to /home/notsoweird/.config/discord/0.0.29/modules/pending/discord_game_utils-1.zip: 55%
2023-09-03T13:52:52.101Z [Modules] Streaming discord_game_utils@1 to /home/notsoweird/.config/discord/0.0.29/modules/pending/discord_game_utils-1.zip: 58%
2023-09-03T13:52:52.101Z [Modules] Streaming discord_game_utils@1 to /home/notsoweird/.config/discord/0.0.29/modules/pending/discord_game_utils-1.zip: 59%
2023-09-03T13:52:52.104Z [Modules] Streaming discord_game_utils@1 to /home/notsoweird/.config/discord/0.0.29/modules/pending/discord_game_utils-1.zip: 62%
2023-09-03T13:52:52.104Z [Modules] Streaming discord_game_utils@1 to /home/notsoweird/.config/discord/0.0.29/modules/pending/discord_game_utils-1.zip: 63%
2023-09-03T13:52:52.104Z [Modules] Streaming discord_game_utils@1 to /home/notsoweird/.config/discord/0.0.29/modules/pending/discord_game_utils-1.zip: 65%
2023-09-03T13:52:52.105Z [Modules] Streaming discord_game_utils@1 to /home/notsoweird/.config/discord/0.0.29/modules/pending/discord_game_utils-1.zip: 67%
2023-09-03T13:52:52.108Z [Modules] Streaming discord_game_utils@1 to /home/notsoweird/.config/discord/0.0.29/modules/pending/discord_game_utils-1.zip: 70%
2023-09-03T13:52:52.108Z [Modules] Streaming discord_game_utils@1 to /home/notsoweird/.config/discord/0.0.29/modules/pending/discord_game_utils-1.zip: 73%
2023-09-03T13:52:52.108Z [Modules] Streaming discord_game_utils@1 to /home/notsoweird/.config/discord/0.0.29/modules/pending/discord_game_utils-1.zip: 74%
2023-09-03T13:52:52.110Z [Modules] Streaming discord_game_utils@1 to /home/notsoweird/.config/discord/0.0.29/modules/pending/discord_game_utils-1.zip: 76%
2023-09-03T13:52:52.112Z [Modules] Streaming discord_game_utils@1 to /home/notsoweird/.config/discord/0.0.29/modules/pending/discord_game_utils-1.zip: 78%
2023-09-03T13:52:52.112Z [Modules] Streaming discord_game_utils@1 to /home/notsoweird/.config/discord/0.0.29/modules/pending/discord_game_utils-1.zip: 79%
2023-09-03T13:52:52.112Z [Modules] Streaming discord_game_utils@1 to /home/notsoweird/.config/discord/0.0.29/modules/pending/discord_game_utils-1.zip: 81%
2023-09-03T13:52:52.112Z [Modules] Streaming discord_game_utils@1 to /home/notsoweird/.config/discord/0.0.29/modules/pending/discord_game_utils-1.zip: 82%
2023-09-03T13:52:52.116Z [Modules] Streaming discord_game_utils@1 to /home/notsoweird/.config/discord/0.0.29/modules/pending/discord_game_utils-1.zip: 83%
2023-09-03T13:52:52.117Z [Modules] Streaming discord_game_utils@1 to /home/notsoweird/.config/discord/0.0.29/modules/pending/discord_game_utils-1.zip: 84%
2023-09-03T13:52:52.117Z [Modules] Streaming discord_game_utils@1 to /home/notsoweird/.config/discord/0.0.29/modules/pending/discord_game_utils-1.zip: 86%
2023-09-03T13:52:52.117Z [Modules] Streaming discord_game_utils@1 to /home/notsoweird/.config/discord/0.0.29/modules/pending/discord_game_utils-1.zip: 89%
2023-09-03T13:52:52.118Z [Modules] Streaming discord_game_utils@1 to /home/notsoweird/.config/discord/0.0.29/modules/pending/discord_game_utils-1.zip: 92%
2023-09-03T13:52:52.119Z [Modules] Streaming discord_game_utils@1 to /home/notsoweird/.config/discord/0.0.29/modules/pending/discord_game_utils-1.zip: 95%
2023-09-03T13:52:52.119Z [Modules] Streaming discord_game_utils@1 to /home/notsoweird/.config/discord/0.0.29/modules/pending/discord_game_utils-1.zip: 97%
2023-09-03T13:52:52.120Z [Modules] Streaming discord_game_utils@1 to /home/notsoweird/.config/discord/0.0.29/modules/pending/discord_game_utils-1.zip: 100%
2023-09-03T13:52:52.121Z [Modules] Fetching discord_rpc@1 from https://discord.com/api/modules/stable/discord_rpc/1
2023-09-03T13:52:52.121Z [Modules] Streaming discord_rpc@1 to /home/notsoweird/.config/discord/0.0.29/modules/pending/discord_rpc-1.zip
2023-09-03T13:52:52.121Z [Modules] Installing discord_game_utils@1 from /home/notsoweird/.config/discord/0.0.29/modules/pending/discord_game_utils-1.zip
2023-09-03T13:52:52.191Z [Modules] Finished module installations. [success: 1] [failure: 0]
2023-09-03T13:52:52.275Z [Modules] Streaming discord_rpc@1 to /home/notsoweird/.config/discord/0.0.29/modules/pending/discord_rpc-1.zip: 100%
2023-09-03T13:52:52.276Z [Modules] Finished module downloads. [success: 3] [failure: 0]
2023-09-03T13:52:52.276Z [Modules] Installing discord_rpc@1 from /home/notsoweird/.config/discord/0.0.29/modules/pending/discord_rpc-1.zip
2023-09-03T13:52:52.289Z [Modules] Finished module installations. [success: 1] [failure: 0]
2023-09-03T16:23:46.901Z [Modules] Modules initializing
2023-09-03T16:23:46.905Z [Modules] Distribution: remote
2023-09-03T16:23:46.905Z [Modules] Host updates: enabled
2023-09-03T16:23:46.905Z [Modules] Module updates: enabled
2023-09-03T16:23:46.905Z [Modules] Module install path: /home/notsoweird/.config/discord/0.0.29/modules
2023-09-03T16:23:46.905Z [Modules] Module installed file path: /home/notsoweird/.config/discord/0.0.29/modules/installed.json
2023-09-03T16:23:46.905Z [Modules] Module download path: /home/notsoweird/.config/discord/0.0.29/modules/pending
2023-09-03T16:23:47.092Z [Modules] No updates to install
2023-09-03T16:23:47.092Z [Modules] Checking for host updates.
2023-09-03T16:23:47.296Z [Modules] Host is up to date.
2023-09-03T16:23:47.297Z [Modules] Checking for module updates at https://discord.com/api/modules/stable/versions.json
2023-09-03T16:23:47.327Z [Modules] No module updates available.
2023-09-03T16:23:50.148Z [Modules] Checking for host updates.
2023-09-03T16:23:50.286Z [Modules] Host is up to date.
2023-09-03T16:23:50.287Z [Modules] Checking for module updates at https://discord.com/api/modules/stable/versions.json
2023-09-03T16:23:50.289Z [Modules] No module updates available.
2023-09-04T06:37:53.423Z [Modules] Modules initializing
2023-09-04T06:37:53.423Z [Modules] Distribution: remote
2023-09-04T06:37:53.423Z [Modules] Host updates: enabled
2023-09-04T06:37:53.423Z [Modules] Module updates: enabled
2023-09-04T06:37:53.423Z [Modules] Module install path: /home/notsoweird/.config/discord/0.0.29/modules
2023-09-04T06:37:53.424Z [Modules] Module installed file path: /home/notsoweird/.config/discord/0.0.29/modules/installed.json
2023-09-04T06:37:53.424Z [Modules] Module download path: /home/notsoweird/.config/discord/0.0.29/modules/pending
2023-09-04T06:37:53.661Z [Modules] No updates to install
2023-09-04T06:37:53.662Z [Modules] Checking for host updates.
2023-09-04T06:37:53.876Z [Modules] Host is up to date.
2023-09-04T06:37:53.876Z [Modules] Checking for module updates at https://discord.com/api/modules/stable/versions.json
2023-09-04T06:37:53.898Z [Modules] No module updates available.
2023-09-04T06:37:56.411Z [Modules] Checking for host updates.
2023-09-04T06:37:56.663Z [Modules] Host is up to date.
2023-09-04T06:37:56.663Z [Modules] Checking for module updates at https://discord.com/api/modules/stable/versions.json
2023-09-04T06:37:56.666Z [Modules] No module updates available.
2023-09-04T06:48:31.007Z [Modules] Checking for host updates.
2023-09-04T06:48:31.155Z [Modules] Host is up to date.
2023-09-04T06:48:31.156Z [Modules] Checking for module updates at https://discord.com/api/modules/stable/versions.json
2023-09-04T06:48:31.171Z [Modules] No module updates available.
